<?xml version="1.0" encoding="UTF-8"?>
<!-- Generated by org.testng.reporters.JUnitReportReporter -->
<testsuite hostname="TYSS-Abhay-Kumar" failures="0" tests="1" name="loginModule.CheckForLoginTest" time="6.218" errors="0" timestamp="2024-08-30T12:51:20 IST" skipped="0">
  <testcase classname="loginModule.CheckForLoginTest" name="loginTestWithValidCredent" time="6.218"/>
  <system-out/>
</testsuite> <!-- loginModule.CheckForLoginTest -->
